# JRE version: Java(TM) SE Runtime Environment (8.0_45-b15) (build 1.8.0_45-b15)
# Java VM: Java HotSpot(TM) 64-Bit Server VM (25.45-b02 mixed mode windows-amd64 compressed oops)
Heap:
 PSYoungGen      total 18944K, used 8256K [0x00000000eb500000, 0x00000000eca00000, 0x0000000100000000)
  eden space 16384K, 49% used [0x00000000eb500000,0x00000000ebcf2840,0x00000000ec500000)
  from space 2560K, 4% used [0x00000000ec500000,0x00000000ec51d8f8,0x00000000ec780000)
  to   space 2560K, 0% used [0x00000000ec780000,0x00000000ec780000,0x00000000eca00000)
 ParOldGen       total 44032K, used 43982K [0x00000000c1e00000, 0x00000000c4900000, 0x00000000eb500000)
  object space 44032K, 99% used [0x00000000c1e00000,0x00000000c48f3b20,0x00000000c4900000)
 Metaspace       used 2957K, capacity 4550K, committed 4864K, reserved 1056768K
  class space    used 317K, capacity 386K, committed 512K, reserved 1048576K
GC Heap History (4 events):
Event: 11.040 GC heap before
{Heap before GC invocations=1 (full 0):
 PSYoungGen      total 18944K, used 13529K [0x00000000eb500000, 0x00000000eca00000, 0x0000000100000000)
  eden space 16384K, 82% used [0x00000000eb500000,0x00000000ec2366a8,0x00000000ec500000)
  from space 2560K, 0% used [0x00000000ec780000,0x00000000ec780000,0x00000000eca00000)
  to   space 2560K, 0% used [0x00000000ec500000,0x00000000ec500000,0x00000000ec780000)
 ParOldGen       total 44032K, used 39062K [0x00000000c1e00000, 0x00000000c4900000, 0x00000000eb500000)
  object space 44032K, 88% used [0x00000000c1e00000,0x00000000c4425a10,0x00000000c4900000)
 Metaspace       used 2919K, capacity 4550K, committed 4864K, reserved 1056768K
  class space    used 312K, capacity 386K, committed 512K, reserved 1048576K
Event: 11.071 GC heap after
Heap after GC invocations=1 (full 0):
 PSYoungGen      total 18944K, used 1222K [0x00000000eb500000, 0x00000000eca00000, 0x0000000100000000)
  eden space 16384K, 0% used [0x00000000eb500000,0x00000000eb500000,0x00000000ec500000)
  from space 2560K, 47% used [0x00000000ec500000,0x00000000ec631a90,0x00000000ec780000)
  to   space 2560K, 0% used [0x00000000ec780000,0x00000000ec780000,0x00000000eca00000)
 ParOldGen       total 44032K, used 42976K [0x00000000c1e00000, 0x00000000c4900000, 0x00000000eb500000)
  object space 44032K, 97% used [0x00000000c1e00000,0x00000000c47f8320,0x00000000c4900000)
 Metaspace       used 2919K, capacity 4550K, committed 4864K, reserved 1056768K
  class space    used 312K, capacity 386K, committed 512K, reserved 1048576K
}
Event: 11.071 GC heap before
{Heap before GC invocations=2 (full 1):
 PSYoungGen      total 18944K, used 1222K [0x00000000eb500000, 0x00000000eca00000, 0x0000000100000000)
  eden space 16384K, 0% used [0x00000000eb500000,0x00000000eb500000,0x00000000ec500000)
  from space 2560K, 47% used [0x00000000ec500000,0x00000000ec631a90,0x00000000ec780000)
  to   space 2560K, 0% used [0x00000000ec780000,0x00000000ec780000,0x00000000eca00000)
 ParOldGen       total 44032K, used 42976K [0x00000000c1e00000, 0x00000000c4900000, 0x00000000eb500000)
  object space 44032K, 97% used [0x00000000c1e00000,0x00000000c47f8320,0x00000000c4900000)
 Metaspace       used 2919K, capacity 4550K, committed 4864K, reserved 1056768K
  class space    used 312K, capacity 386K, committed 512K, reserved 1048576K
Event: 11.111 GC heap after
Heap after GC invocations=2 (full 1):
 PSYoungGen      total 18944K, used 119K [0x00000000eb500000, 0x00000000eca00000, 0x0000000100000000)
  eden space 16384K, 0% used [0x00000000eb500000,0x00000000eb500000,0x00000000ec500000)
  from space 2560K, 4% used [0x00000000ec500000,0x00000000ec51dfc0,0x00000000ec780000)
  to   space 2560K, 0% used [0x00000000ec780000,0x00000000ec780000,0x00000000eca00000)
 ParOldGen       total 44032K, used 43981K [0x00000000c1e00000, 0x00000000c4900000, 0x00000000eb500000)
  object space 44032K, 99% used [0x00000000c1e00000,0x00000000c48f35f8,0x00000000c4900000)
 Metaspace       used 2919K, capacity 4550K, committed 4864K, reserved 1056768K
  class space    used 312K, capacity 386K, committed 512K, reserved 1048576K
}

